<?xml version="1.0" encoding="UTF-8"?>
<testng-results skipped="0" failed="0" ignored="0" total="1" passed="1">
  <reporter-output>
  </reporter-output>
  <suite name="Default suite" duration-ms="23547" started-at="2021-04-04T20:37:03 EET" finished-at="2021-04-04T20:37:27 EET">
    <groups>
    </groups>
    <test name="Default test" duration-ms="23547" started-at="2021-04-04T20:37:03 EET" finished-at="2021-04-04T20:37:27 EET">
      <class name="test">
        <test-method status="PASS" signature="theTest()[pri:0, instance:test@6b57696f]" name="theTest" duration-ms="23511" started-at="2021-04-04T20:37:03 EET" finished-at="2021-04-04T20:37:27 EET">
          <reporter-output>
          </reporter-output>
        </test-method> <!-- theTest -->
      </class> <!-- test -->
    </test> <!-- Default test -->
  </suite> <!-- Default suite -->
</testng-results>
